TN:
SF:src/utils/api-client.ts
FN:15,(anonymous_7)
FN:28,(anonymous_8)
FN:38,(anonymous_9)
FN:48,(anonymous_11)
FN:81,(anonymous_12)
FN:82,(anonymous_14)
FN:83,(anonymous_15)
FN:90,(anonymous_16)
FN:96,(anonymous_17)
FNF:9
FNH:8
FNDA:7,(anonymous_7)
FNDA:13,(anonymous_8)
FNDA:12,(anonymous_9)
FNDA:0,(anonymous_11)
FNDA:2,(anonymous_12)
FNDA:4,(anonymous_14)
FNDA:1,(anonymous_15)
FNDA:4,(anonymous_16)
FNDA:3,(anonymous_17)
DA:5,1
DA:14,1
DA:17,7
DA:18,7
DA:20,7
DA:21,7
DA:25,1
DA:29,13
DA:30,1
DA:32,12
DA:39,12
DA:40,12
DA:47,10
DA:48,5
DA:49,5
DA:51,5
DA:52,2
DA:55,3
DA:56,1
DA:59,2
DA:62,5
DA:63,5
DA:70,7
DA:71,5
DA:73,2
DA:82,2
DA:83,4
DA:84,1
DA:85,1
DA:89,2
DA:90,4
DA:97,3
DA:98,3
DA:99,1
DA:101,2
LF:35
LH:35
BRDA:29,0,0,1
BRDA:29,0,1,12
BRDA:29,1,0,13
BRDA:29,1,1,12
BRDA:47,2,0,5
BRDA:47,2,1,5
BRDA:49,3,0,5
BRDA:49,3,1,0
BRDA:51,4,0,2
BRDA:51,4,1,3
BRDA:55,5,0,1
BRDA:55,5,1,2
BRDA:70,6,0,5
BRDA:70,6,1,2
BRF:14
BRH:13
end_of_record
TN:
SF:src/utils/conversions.ts
FN:46,getHeatContent
FN:62,convertToMBtu
FN:86,convertFromMBtu
FNF:3
FNH:3
FNDA:7,getHeatContent
FNDA:6,convertToMBtu
FNDA:4,convertFromMBtu
DA:29,1
DA:46,1
DA:47,7
DA:48,7
DA:49,1
DA:51,6
DA:62,1
DA:67,6
DA:68,1
DA:71,5
DA:72,1
DA:76,4
DA:86,1
DA:91,4
DA:92,1
DA:95,3
DA:96,1
DA:100,2
LF:18
LH:18
BRDA:48,0,0,1
BRDA:48,0,1,6
BRDA:67,1,0,1
BRDA:67,1,1,5
BRDA:71,2,0,1
BRDA:71,2,1,4
BRDA:91,3,0,1
BRDA:91,3,1,3
BRDA:95,4,0,1
BRDA:95,4,1,2
BRF:10
BRH:10
end_of_record
