TN:
SF:src/utils/api-client.ts
FN:46,(anonymous_0)
FN:62,(anonymous_1)
FN:77,(anonymous_2)
FN:131,(anonymous_3)
FN:146,(anonymous_4)
FN:156,(anonymous_5)
FN:175,(anonymous_6)
FN:199,(anonymous_7)
FN:200,(anonymous_8)
FN:201,(anonymous_9)
FN:208,(anonymous_10)
FN:214,(anonymous_11)
FN:227,(anonymous_12)
FN:279,(anonymous_13)
FN:290,(anonymous_14)
FN:297,(anonymous_15)
FN:316,(anonymous_16)
FN:341,(anonymous_17)
FN:364,(anonymous_18)
FN:371,(anonymous_19)
FN:390,(anonymous_20)
FN:413,(anonymous_21)
FN:419,(anonymous_22)
FN:440,(anonymous_23)
FN:470,(anonymous_24)
FN:481,(anonymous_25)
FNF:26
FNH:19
FNDA:1,(anonymous_0)
FNDA:25,(anonymous_1)
FNDA:13,(anonymous_2)
FNDA:7,(anonymous_3)
FNDA:51,(anonymous_4)
FNDA:16,(anonymous_5)
FNDA:0,(anonymous_6)
FNDA:2,(anonymous_7)
FNDA:4,(anonymous_8)
FNDA:1,(anonymous_9)
FNDA:4,(anonymous_10)
FNDA:3,(anonymous_11)
FNDA:19,(anonymous_12)
FNDA:4,(anonymous_13)
FNDA:0,(anonymous_14)
FNDA:3,(anonymous_15)
FNDA:7,(anonymous_16)
FNDA:0,(anonymous_17)
FNDA:0,(anonymous_18)
FNDA:3,(anonymous_19)
FNDA:5,(anonymous_20)
FNDA:0,(anonymous_21)
FNDA:3,(anonymous_22)
FNDA:11,(anonymous_23)
FNDA:0,(anonymous_24)
FNDA:0,(anonymous_25)
DA:11,1
DA:46,1
DA:47,1
DA:48,1
DA:49,1
DA:50,1
DA:51,1
DA:52,1
DA:53,1
DA:54,1
DA:57,1
DA:64,25
DA:68,25
DA:70,25
DA:71,25
DA:72,25
DA:73,25
DA:74,25
DA:78,13
DA:79,13
DA:81,13
DA:83,2
DA:92,1
DA:101,3
DA:112,6
DA:121,1
DA:132,7
DA:143,1
DA:147,51
DA:148,1
DA:150,50
DA:157,16
DA:158,16
DA:159,16
DA:161,16
DA:168,14
DA:174,14
DA:175,9
DA:176,9
DA:179,5
DA:180,5
DA:188,11
DA:189,9
DA:191,2
DA:200,2
DA:201,4
DA:202,1
DA:203,1
DA:207,2
DA:208,4
DA:215,3
DA:216,3
DA:217,1
DA:219,2
DA:228,19
DA:229,19
DA:230,19
DA:237,19
DA:238,1
DA:241,18
DA:242,18
DA:244,18
DA:246,18
DA:271,1
DA:280,4
DA:281,4
DA:282,4
DA:289,3
DA:290,1
DA:291,1
DA:294,2
DA:297,3
DA:305,2
DA:306,1
DA:308,1
DA:317,7
DA:319,7
DA:321,7
DA:322,1
DA:331,6
DA:332,6
DA:340,5
DA:341,1
DA:342,1
DA:343,1
DA:353,4
DA:354,1
DA:363,3
DA:364,1
DA:365,1
DA:368,2
DA:371,3
DA:379,5
DA:380,4
DA:382,1
DA:391,5
DA:392,5
DA:394,5
DA:395,1
DA:404,4
DA:405,4
DA:412,3
DA:413,1
DA:414,1
DA:417,2
DA:419,3
DA:427,3
DA:428,2
DA:430,1
DA:443,11
DA:444,11
DA:445,11
DA:446,11
DA:447,11
DA:448,11
DA:450,11
DA:451,11
DA:453,11
DA:455,11
DA:463,10
DA:469,10
DA:470,1
DA:471,1
DA:480,9
DA:481,1
DA:482,1
DA:485,8
DA:486,8
DA:488,3
DA:489,2
DA:491,1
LF:131
LH:131
BRDA:46,0,0,1
BRDA:46,0,1,1
BRDA:72,1,0,25
BRDA:72,1,1,0
BRDA:73,2,0,25
BRDA:73,2,1,0
BRDA:79,3,0,13
BRDA:79,3,1,0
BRDA:81,4,0,2
BRDA:81,4,1,1
BRDA:81,4,2,3
BRDA:81,4,3,4
BRDA:81,4,4,5
BRDA:81,4,5,6
BRDA:81,4,6,1
BRDA:147,5,0,1
BRDA:147,5,1,50
BRDA:147,6,0,51
BRDA:147,6,1,50
BRDA:174,7,0,9
BRDA:174,7,1,5
BRDA:184,8,0,5
BRDA:184,8,1,5
BRDA:188,9,0,9
BRDA:188,9,1,2
BRDA:237,10,0,1
BRDA:237,10,1,18
BRDA:242,11,0,18
BRDA:242,11,1,1
BRDA:244,12,0,18
BRDA:244,12,1,17
BRDA:248,13,0,18
BRDA:248,13,1,14
BRDA:249,14,0,18
BRDA:249,14,1,14
BRDA:250,15,0,18
BRDA:250,15,1,17
BRDA:258,16,0,18
BRDA:258,16,1,5
BRDA:262,17,0,18
BRDA:262,17,1,15
BRDA:267,18,0,18
BRDA:267,18,1,17
BRDA:268,19,0,18
BRDA:268,19,1,17
BRDA:289,20,0,1
BRDA:289,20,1,2
BRDA:301,21,0,3
BRDA:301,21,1,1
BRDA:305,22,0,1
BRDA:305,22,1,1
BRDA:321,23,0,1
BRDA:321,23,1,6
BRDA:340,24,0,1
BRDA:340,24,1,4
BRDA:342,25,0,1
BRDA:342,25,1,0
BRDA:344,26,0,1
BRDA:344,26,1,0
BRDA:348,27,0,1
BRDA:348,27,1,0
BRDA:353,28,0,1
BRDA:353,28,1,3
BRDA:363,29,0,1
BRDA:363,29,1,2
BRDA:376,30,0,3
BRDA:376,30,1,1
BRDA:379,31,0,4
BRDA:379,31,1,1
BRDA:394,32,0,1
BRDA:394,32,1,4
BRDA:412,33,0,1
BRDA:412,33,1,2
BRDA:424,34,0,3
BRDA:424,34,1,1
BRDA:427,35,0,2
BRDA:427,35,1,1
BRDA:441,36,0,6
BRDA:445,37,0,2
BRDA:445,37,1,9
BRDA:446,38,0,2
BRDA:446,38,1,9
BRDA:447,39,0,2
BRDA:447,39,1,9
BRDA:448,40,0,1
BRDA:448,40,1,10
BRDA:451,41,0,5
BRDA:451,41,1,6
BRDA:469,42,0,1
BRDA:469,42,1,9
BRDA:472,43,0,1
BRDA:472,43,1,0
BRDA:480,44,0,1
BRDA:480,44,1,8
BRDA:486,45,0,8
BRDA:486,45,1,1
BRDA:486,46,0,0
BRDA:486,46,1,8
BRDA:486,47,0,8
BRDA:486,47,1,8
BRDA:488,48,0,2
BRDA:488,48,1,1
BRF:102
BRH:94
end_of_record
TN:
SF:src/utils/conversions.ts
FN:46,getHeatContent
FN:74,convertToMBtu
FN:104,convertFromMBtu
FNF:3
FNH:3
FNDA:7,getHeatContent
FNDA:6,convertToMBtu
FNDA:4,convertFromMBtu
DA:29,1
DA:46,1
DA:47,7
DA:48,7
DA:49,1
DA:51,6
DA:57,1
DA:74,1
DA:79,6
DA:80,1
DA:85,5
DA:89,5
DA:90,1
DA:94,4
DA:104,1
DA:109,4
DA:110,1
DA:113,3
DA:114,1
DA:118,2
LF:20
LH:20
BRDA:48,0,0,1
BRDA:48,0,1,6
BRDA:79,1,0,1
BRDA:79,1,1,5
BRDA:85,2,0,4
BRDA:85,2,1,1
BRDA:85,3,0,5
BRDA:85,3,1,2
BRDA:89,4,0,1
BRDA:89,4,1,4
BRDA:109,5,0,1
BRDA:109,5,1,3
BRDA:113,6,0,1
BRDA:113,6,1,2
BRF:14
BRH:14
end_of_record
